#
# There is insufficient memory for the Java Runtime Environment to continue.
# Native memory allocation (malloc) failed to allocate 32784 bytes for Chunk::new
# Possible reasons:
#   The system is out of physical RAM or swap space
#   The process is running with CompressedOops enabled, and the Java Heap may be blocking the growth of the native heap
# Possible solutions:
#   Reduce memory load on the system
#   Increase physical memory or swap space
#   Check if swap backing store is full
#   Decrease Java heap size (-Xmx/-Xms)
#   Decrease number of Java threads
#   Decrease Java thread stack sizes (-Xss)
#   Set larger code cache with -XX:ReservedCodeCacheSize=
#   JVM is running with Unscaled Compressed Oops mode in which the Java heap is
#     placed in the first 4GB address space. The Java Heap base address is the
#     maximum limit for the native heap growth. Please use -XX:HeapBaseMinAddress
#     to set the Java Heap base and to place the Java Heap above 4GB virtual address.
# This output file may be truncated or incomplete.
#
#  Out of Memory Error (allocation.cpp:389), pid=12604, tid=0x0000000000000a78
#
# JRE version: Java(TM) SE Runtime Environment (8.0_202-b08) (build 1.8.0_202-b08)
# Java VM: Java HotSpot(TM) 64-Bit Server VM (25.202-b08 mixed mode windows-amd64 compressed oops)
# Failed to write core dump. Minidumps are not enabled by default on client versions of Windows
#

---------------  T H R E A D  ---------------

Current thread (0x00000000175ec000):  JavaThread "C2 CompilerThread1" daemon [_thread_in_native, id=2680, stack(0x0000000018d50000,0x0000000018e50000)]

Stack: [0x0000000018d50000,0x0000000018e50000]
[error occurred during error reporting (printing stack bounds), id 0xc0000005]

Native frames: (J=compiled Java code, j=interpreted, Vv=VM code, C=native code)


Current CompileTask:
C2:   8409 1415       4       java.net.URLStreamHandler::parseURL (1193 bytes)


---------------  P R O C E S S  ---------------

Java Threads: ( => current thread )
  0x0000000019cee000 JavaThread "Exec Stream Pumper" daemon [_thread_in_native, id=11336, stack(0x000000001bc60000,0x000000001bd60000)]
  0x0000000019ced800 JavaThread "Exec Stream Pumper" daemon [_thread_in_native, id=6552, stack(0x000000001bb60000,0x000000001bc60000)]
  0x0000000019c77000 JavaThread "Exec Default Executor" daemon [_thread_in_native, id=13260, stack(0x000000001b960000,0x000000001ba60000)]
  0x00000000196d1000 JavaThread "ReaderThread" [_thread_in_native, id=4812, stack(0x000000001a090000,0x000000001a190000)]
  0x0000000018f90000 JavaThread "Service Thread" daemon [_thread_blocked, id=12764, stack(0x0000000019350000,0x0000000019450000)]
  0x00000000175f4800 JavaThread "C1 CompilerThread2" daemon [_thread_in_native, id=10400, stack(0x0000000018e50000,0x0000000018f50000)]
=>0x00000000175ec000 JavaThread "C2 CompilerThread1" daemon [_thread_in_native, id=2680, stack(0x0000000018d50000,0x0000000018e50000)]
  0x00000000175e6800 JavaThread "C2 CompilerThread0" daemon [_thread_in_native, id=2128, stack(0x0000000018c50000,0x0000000018d50000)]
  0x00000000175e2800 JavaThread "Attach Listener" daemon [_thread_blocked, id=5332, stack(0x0000000018b50000,0x0000000018c50000)]
  0x00000000175e1000 JavaThread "Signal Dispatcher" daemon [_thread_blocked, id=1964, stack(0x0000000018a50000,0x0000000018b50000)]
  0x0000000002aad000 JavaThread "Finalizer" daemon [_thread_blocked, id=14252, stack(0x0000000018840000,0x0000000018940000)]
  0x0000000002aa4000 JavaThread "Reference Handler" daemon [_thread_blocked, id=12248, stack(0x0000000018740000,0x0000000018840000)]
  0x00000000029b4000 JavaThread "Forwarding findElement on session 8de82a22-0de2-4bc0-863d-35c8f09f4857 to remote" [_thread_in_native, id=8444, stack(0x00000000028b0000,0x00000000029b0000)]

Other Threads:
  0x00000000175a7800 VMThread [stack: 0x0000000018640000,0x0000000018740000] [id=9612]
  0x0000000018f99000 WatcherThread [stack: 0x0000000019450000,0x0000000019550000] [id=13628]

VM state:not at safepoint (normal execution)

VM Mutex/Monitor currently owned by a thread: None

heap address: 0x0000000081c00000, size: 2020 MB, Compressed Oops mode: 32-bit
Narrow klass base: 0x0000000000000000, Narrow klass shift: 3
Compressed class space size: 1073741824 Address: 0x0000000100000000

Heap:
 PSYoungGen      total 38400K, used 35584K [0x00000000d5f00000, 0x00000000d8980000, 0x0000000100000000)
  eden space 33280K, 91% used [0x00000000d5f00000,0x00000000d7cc4748,0x00000000d7f80000)
  from space 5120K, 99% used [0x00000000d7f80000,0x00000000d847bb78,0x00000000d8480000)
  to   space 5120K, 0% used [0x00000000d8480000,0x00000000d8480000,0x00000000d8980000)
 ParOldGen       total 87552K, used 2210K [0x0000000081c00000, 0x0000000087180000, 0x00000000d5f00000)
  object space 87552K, 2% used [0x0000000081c00000,0x0000000081e28b88,0x0000000087180000)
 Metaspace       used 19122K, capacity 19508K, committed 19840K, reserved 1067008K
  class space    used 2434K, capacity 2582K, committed 2688K, reserved 1048576K

Card table byte_map: [0x0000000011e70000,0x0000000012270000] byte_map_base: 0x0000000011a62000

Marking Bits: (ParMarkBitMap*) 0x000000005c245ce0
 Begin Bits: [0x0000000012920000, 0x00000000148b0000)
 End Bits:   [0x00000000148b0000, 0x0000000016840000)

Polling page: 0x0000000002730000

CodeCache: size=245760Kb used=4769Kb max_used=4781Kb free=240990Kb
 bounds [0x0000000002ab0000, 0x0000000002f60000, 0x0000000011ab0000]
 total_blobs=1826 nmethods=1417 adapters=321
 compilation: enabled

Compilation events (10 events):
Event: 7.692 Thread 0x00000000175f4800 nmethod 1414 0x0000000002f59b10 code [0x0000000002f59c60, 0x0000000002f59d70]
Event: 7.695 Thread 0x00000000175ec000 1415       4       java.net.URLStreamHandler::parseURL (1193 bytes)
Event: 7.696 Thread 0x00000000175e6800 1416       4       sun.net.www.protocol.file.Handler::parseURL (18 bytes)
Event: 7.700 Thread 0x00000000175f4800 1417       3       java.nio.Buffer::limit (62 bytes)
Event: 7.700 Thread 0x00000000175f4800 nmethod 1417 0x0000000002f59dd0 code [0x0000000002f59f40, 0x0000000002f5a248]
Event: 7.701 Thread 0x00000000175f4800 1418       3       sun.misc.ProxyGenerator::code_aload (11 bytes)
Event: 7.701 Thread 0x00000000175f4800 nmethod 1418 0x0000000002f5a310 code [0x0000000002f5a480, 0x0000000002f5a628]
Event: 7.701 Thread 0x00000000175f4800 1419       3       sun.misc.ProxyGenerator$ExceptionTableEntry::<init> (26 bytes)
Event: 7.704 Thread 0x00000000175e6800 nmethod 1416 0x0000000002f5d7d0 code [0x0000000002f5d940, 0x0000000002f5de08]
Event: 7.710 Thread 0x00000000175e6800 1426       4       java.io.DataOutputStream::writeShort (35 bytes)

GC Heap History (2 events):
Event: 0.814 GC heap before
{Heap before GC invocations=1 (full 0):
 PSYoungGen      total 38400K, used 33280K [0x00000000d5f00000, 0x00000000d8980000, 0x0000000100000000)
  eden space 33280K, 100% used [0x00000000d5f00000,0x00000000d7f80000,0x00000000d7f80000)
  from space 5120K, 0% used [0x00000000d8480000,0x00000000d8480000,0x00000000d8980000)
  to   space 5120K, 0% used [0x00000000d7f80000,0x00000000d7f80000,0x00000000d8480000)
 ParOldGen       total 87552K, used 0K [0x0000000081c00000, 0x0000000087180000, 0x00000000d5f00000)
  object space 87552K, 0% used [0x0000000081c00000,0x0000000081c00000,0x0000000087180000)
 Metaspace       used 14693K, capacity 14978K, committed 15232K, reserved 1062912K
  class space    used 1753K, capacity 1855K, committed 1920K, reserved 1048576K
Event: 0.820 GC heap after
Heap after GC invocations=1 (full 0):
 PSYoungGen      total 38400K, used 5102K [0x00000000d5f00000, 0x00000000d8980000, 0x0000000100000000)
  eden space 33280K, 0% used [0x00000000d5f00000,0x00000000d5f00000,0x00000000d7f80000)
  from space 5120K, 99% used [0x00000000d7f80000,0x00000000d847bb78,0x00000000d8480000)
  to   space 5120K, 0% used [0x00000000d8480000,0x00000000d8480000,0x00000000d8980000)
 ParOldGen       total 87552K, used 2210K [0x0000000081c00000, 0x0000000087180000, 0x00000000d5f00000)
  object space 87552K, 2% used [0x0000000081c00000,0x0000000081e28b88,0x0000000087180000)
 Metaspace       used 14693K, capacity 14978K, committed 15232K, reserved 1062912K
  class space    used 1753K, capacity 1855K, committed 1920K, reserved 1048576K
}

Deoptimization events (10 events):
Event: 0.611 Thread 0x00000000029b4000 Uncommon trap: reason=unstable_if action=reinterpret pc=0x0000000002cb9094 method=sun.misc.MetaIndex.mayContain(Ljava/lang/String;)Z @ 38
Event: 0.741 Thread 0x00000000029b4000 Uncommon trap: reason=unstable_if action=reinterpret pc=0x0000000002dddd0c method=java.util.HashMap.putVal(ILjava/lang/Object;Ljava/lang/Object;ZZ)Ljava/lang/Object; @ 236
Event: 0.822 Thread 0x00000000029b4000 Uncommon trap: reason=unstable_if action=reinterpret pc=0x0000000002e31454 method=java.util.regex.Pattern$BmpCharProperty.match(Ljava/util/regex/Matcher;ILjava/lang/CharSequence;)Z @ 5
Event: 0.952 Thread 0x00000000029b4000 Uncommon trap: reason=class_check action=maybe_recompile pc=0x0000000002ecdfc4 method=java.util.regex.Matcher.search(I)Z @ 86
Event: 0.966 Thread 0x00000000029b4000 Uncommon trap: reason=unstable_if action=reinterpret pc=0x0000000002ed78a0 method=java.util.Arrays.equals([B[B)Z @ 2
Event: 0.975 Thread 0x00000000029b4000 Uncommon trap: reason=unstable_if action=reinterpret pc=0x0000000002c7ae14 method=java.lang.String.replace(CC)Ljava/lang/String; @ 2
Event: 0.976 Thread 0x00000000029b4000 Uncommon trap: reason=unstable_if action=reinterpret pc=0x0000000002e26e9c method=java.lang.CharacterDataLatin1.digit(II)I @ 82
Event: 1.580 Thread 0x00000000029b4000 Uncommon trap: reason=class_check action=maybe_recompile pc=0x0000000002ecdfc4 method=java.util.regex.Matcher.search(I)Z @ 86
Event: 1.580 Thread 0x00000000029b4000 Uncommon trap: reason=class_check action=maybe_recompile pc=0x0000000002e43ce4 method=java.util.regex.Pattern$Curly.match(Ljava/util/regex/Matcher;ILjava/lang/CharSequence;)Z @ 19
Event: 1.647 Thread 0x00000000029b4000 Uncommon trap: reason=unstable_if action=reinterpret pc=0x0000000002e068d4 method=java.lang.CharacterDataLatin1.digit(II)I @ 82

Classes redefined (0 events):
No events

Internal exceptions (10 events):
Event: 1.506 Thread 0x00000000029b4000 Exception <a 'java/lang/ArrayIndexOutOfBoundsException'> (0x00000000d6f60360) thrown at [C:\re\workspace\8-2-build-windows-amd64-cygwin\jdk8u202\12323\hotspot\src\share\vm\runtime\sharedRuntime.cpp, line 605]
Event: 1.507 Thread 0x00000000029b4000 Exception <a 'java/lang/ArrayIndexOutOfBoundsException'> (0x00000000d6f61598) thrown at [C:\re\workspace\8-2-build-windows-amd64-cygwin\jdk8u202\12323\hotspot\src\share\vm\runtime\sharedRuntime.cpp, line 605]
Event: 1.507 Thread 0x00000000029b4000 Exception <a 'java/lang/ArrayIndexOutOfBoundsException'> (0x00000000d6f62248) thrown at [C:\re\workspace\8-2-build-windows-amd64-cygwin\jdk8u202\12323\hotspot\src\share\vm\runtime\sharedRuntime.cpp, line 605]
Event: 1.530 Thread 0x00000000029b4000 Exception <a 'java/lang/ArrayIndexOutOfBoundsException'> (0x00000000d7000c80) thrown at [C:\re\workspace\8-2-build-windows-amd64-cygwin\jdk8u202\12323\hotspot\src\share\vm\runtime\sharedRuntime.cpp, line 605]
Event: 1.559 Thread 0x00000000029b4000 Exception <a 'java/lang/ArrayIndexOutOfBoundsException'> (0x00000000d71a2830) thrown at [C:\re\workspace\8-2-build-windows-amd64-cygwin\jdk8u202\12323\hotspot\src\share\vm\runtime\sharedRuntime.cpp, line 605]
Event: 1.559 Thread 0x00000000029b4000 Exception <a 'java/lang/ArrayIndexOutOfBoundsException'> (0x00000000d71a4840) thrown at [C:\re\workspace\8-2-build-windows-amd64-cygwin\jdk8u202\12323\hotspot\src\share\vm\runtime\sharedRuntime.cpp, line 605]
Event: 3.569 Thread 0x00000000029b4000 Exception <a 'java/net/SocketTimeoutException': Read timed out> (0x00000000d7a38da8) thrown at [C:\re\workspace\8-2-build-windows-amd64-cygwin\jdk8u202\12323\hotspot\src\share\vm\prims\jni.cpp, line 736]
Event: 3.585 Thread 0x00000000029b4000 Exception <a 'java/net/SocketTimeoutException': Read timed out> (0x00000000d7a66e48) thrown at [C:\re\workspace\8-2-build-windows-amd64-cygwin\jdk8u202\12323\hotspot\src\share\vm\prims\jni.cpp, line 736]
Event: 7.688 Thread 0x00000000029b4000 Exception <a 'java/lang/NoSuchMethodError': <clinit>> (0x00000000d7aa6da8) thrown at [C:\re\workspace\8-2-build-windows-amd64-cygwin\jdk8u202\12323\hotspot\src\share\vm\prims\jni.cpp, line 1614]
Event: 7.722 Thread 0x00000000029b4000 Exception <a 'java/net/SocketTimeoutException': Read timed out> (0x00000000d7c31088) thrown at [C:\re\workspace\8-2-build-windows-amd64-cygwin\jdk8u202\12323\hotspot\src\share\vm\prims\jni.cpp, line 736]

Events (10 events):
Event: 7.709 loading class org/openqa/selenium/OutputType
Event: 7.709 loading class org/openqa/selenium/OutputType done
Event: 7.709 loading class org/openqa/selenium/interactions/internal/Coordinates
Event: 7.709 loading class org/openqa/selenium/interactions/internal/Coordinates done
Event: 7.711 loading class org/openqa/selenium/OutputType$1
Event: 7.711 loading class org/openqa/selenium/OutputType$1 done
Event: 7.711 loading class org/openqa/selenium/OutputType$2
Event: 7.711 loading class org/openqa/selenium/OutputType$2 done
Event: 7.711 loading class org/openqa/selenium/OutputType$3
Event: 7.711 loading class org/openqa/selenium/OutputType$3 done


Dynamic libraries:
0x00007ff63aae0000 - 0x00007ff63ab17000 	C:\Program Files\Java\jdk1.8.0_202\bin\javaw.exe
0x00007ffa1cad0000 - 0x00007ffa1ccc5000 	C:\Windows\SYSTEM32\ntdll.dll
0x00007ffa1ab30000 - 0x00007ffa1abee000 	C:\Windows\System32\KERNEL32.DLL
0x00007ffa1a7b0000 - 0x00007ffa1aa78000 	C:\Windows\System32\KERNELBASE.dll
0x00007ffa1b6e0000 - 0x00007ffa1b78e000 	C:\Windows\System32\ADVAPI32.dll
0x00007ffa1b570000 - 0x00007ffa1b60e000 	C:\Windows\System32\msvcrt.dll
0x00007ffa1c3b0000 - 0x00007ffa1c44c000 	C:\Windows\System32\sechost.dll
0x00007ffa1c960000 - 0x00007ffa1ca85000 	C:\Windows\System32\RPCRT4.dll
0x00007ffa1ac50000 - 0x00007ffa1adf0000 	C:\Windows\System32\USER32.dll
0x00007ffa1a500000 - 0x00007ffa1a522000 	C:\Windows\System32\win32u.dll
0x00007ffa1c790000 - 0x00007ffa1c7bb000 	C:\Windows\System32\GDI32.dll
0x00007ffa1a2f0000 - 0x00007ffa1a3fb000 	C:\Windows\System32\gdi32full.dll
0x00007ffa1a690000 - 0x00007ffa1a72d000 	C:\Windows\System32\msvcp_win.dll
0x00007ffa1a400000 - 0x00007ffa1a500000 	C:\Windows\System32\ucrtbase.dll
0x00007ffa056c0000 - 0x00007ffa0595a000 	C:\Windows\WinSxS\amd64_microsoft.windows.common-controls_6595b64144ccf1df_6.0.19041.1110_none_60b5254171f9507e\COMCTL32.dll
0x00007ffa1adf0000 - 0x00007ffa1ae20000 	C:\Windows\System32\IMM32.DLL
0x000000005c2d0000 - 0x000000005c3a2000 	C:\Program Files\Java\jdk1.8.0_202\jre\bin\msvcr100.dll
0x000000005ba20000 - 0x000000005c2c5000 	C:\Program Files\Java\jdk1.8.0_202\jre\bin\server\jvm.dll
0x00007ffa1c3a0000 - 0x00007ffa1c3a8000 	C:\Windows\System32\PSAPI.DLL
0x00007ffa15e50000 - 0x00007ffa15e59000 	C:\Windows\SYSTEM32\WSOCK32.dll
0x00007ffa1bd80000 - 0x00007ffa1bdeb000 	C:\Windows\System32\WS2_32.dll
0x00007ffa0d870000 - 0x00007ffa0d87a000 	C:\Windows\SYSTEM32\VERSION.dll
0x00007ffa055e0000 - 0x00007ffa05607000 	C:\Windows\SYSTEM32\WINMM.dll
0x00007ffa15e20000 - 0x00007ffa15e2f000 	C:\Program Files\Java\jdk1.8.0_202\jre\bin\verify.dll
0x00007ffa0ea20000 - 0x00007ffa0ea49000 	C:\Program Files\Java\jdk1.8.0_202\jre\bin\java.dll
0x00007ffa0e730000 - 0x00007ffa0e746000 	C:\Program Files\Java\jdk1.8.0_202\jre\bin\zip.dll
0x00007ffa1ae20000 - 0x00007ffa1b564000 	C:\Windows\System32\SHELL32.dll
0x00007ffa18320000 - 0x00007ffa18ab4000 	C:\Windows\SYSTEM32\windows.storage.dll
0x00007ffa1b870000 - 0x00007ffa1bbc4000 	C:\Windows\System32\combase.dll
0x00007ffa19b80000 - 0x00007ffa19bac000 	C:\Windows\SYSTEM32\Wldp.dll
0x00007ffa1c530000 - 0x00007ffa1c5dd000 	C:\Windows\System32\SHCORE.dll
0x00007ffa1c4b0000 - 0x00007ffa1c505000 	C:\Windows\System32\shlwapi.dll
0x00007ffa1a130000 - 0x00007ffa1a14f000 	C:\Windows\SYSTEM32\profapi.dll
0x00007ffa0e690000 - 0x00007ffa0e6aa000 	C:\Program Files\Java\jdk1.8.0_202\jre\bin\net.dll
0x00007ffa0c9d0000 - 0x00007ffa0cbbc000 	C:\Windows\SYSTEM32\urlmon.dll
0x00007ffa196e0000 - 0x00007ffa196ec000 	C:\Windows\SYSTEM32\netutils.dll
0x00007ffa0c3e0000 - 0x00007ffa0c408000 	C:\Windows\SYSTEM32\srvcli.dll
0x00007ffa0d990000 - 0x00007ffa0dc41000 	C:\Windows\SYSTEM32\iertutil.dll
0x00007ffa198e0000 - 0x00007ffa1994a000 	C:\Windows\system32\mswsock.dll
0x00007ffa19610000 - 0x00007ffa196da000 	C:\Windows\SYSTEM32\DNSAPI.dll
0x00007ffa195d0000 - 0x00007ffa1960b000 	C:\Windows\SYSTEM32\IPHLPAPI.DLL
0x00007ffa1c520000 - 0x00007ffa1c528000 	C:\Windows\System32\NSI.dll
0x00007ffa0fd60000 - 0x00007ffa0fd6a000 	C:\Windows\System32\rasadhlp.dll
0x00007ffa11420000 - 0x00007ffa1149f000 	C:\Windows\System32\fwpuclnt.dll
0x00007ffa1a780000 - 0x00007ffa1a7a7000 	C:\Windows\System32\bcrypt.dll
0x00007ffa19ae0000 - 0x00007ffa19af8000 	C:\Windows\SYSTEM32\CRYPTSP.dll
0x00007ffa19260000 - 0x00007ffa19294000 	C:\Windows\system32\rsaenh.dll
0x00007ffa1a0b0000 - 0x00007ffa1a0de000 	C:\Windows\SYSTEM32\USERENV.dll
0x00007ffa1a1f0000 - 0x00007ffa1a272000 	C:\Windows\System32\bcryptprimitives.dll
0x00007ffa19ad0000 - 0x00007ffa19adc000 	C:\Windows\SYSTEM32\CRYPTBASE.dll
0x00007ffa13ee0000 - 0x00007ffa13ef7000 	C:\Windows\SYSTEM32\dhcpcsvc6.DLL
0x00007ffa145e0000 - 0x00007ffa145fd000 	C:\Windows\SYSTEM32\dhcpcsvc.DLL
0x00007ffa0e670000 - 0x00007ffa0e682000 	C:\Program Files\Java\jdk1.8.0_202\jre\bin\nio.dll
0x00007ffa0e3c0000 - 0x00007ffa0e3e4000 	C:\Program Files\Java\jdk1.8.0_202\jre\bin\sunec.dll

VM Arguments:
jvm_args: -ea -Dfile.encoding=Cp1252 
java_command: org.testng.remote.RemoteTestNG -serport 62074 -d D:\Automation\Framework\test-output D:\Automation\Framework\TestNG.xml
java_class_path (initial): D:\Automation\eclipse\plugins\org.testng.eclipse_6.9.10.201512240000\lib\snakeyaml.jar;D:\Automation\eclipse\plugins\org.testng.eclipse_6.9.10.201512240000\lib\bsh-2.0b4.jar;D:\Automation\eclipse\plugins\org.testng.eclipse_6.9.10.201512240000\lib\jcommander.jar;D:\Automation\eclipse\plugins\org.testng.eclipse_6.9.10.201512240000\lib\testng.jar;C:\Program Files\Java\jdk1.8.0_202\jre\lib\resources.jar;C:\Program Files\Java\jdk1.8.0_202\jre\lib\rt.jar;C:\Program Files\Java\jdk1.8.0_202\jre\lib\jsse.jar;C:\Program Files\Java\jdk1.8.0_202\jre\lib\jce.jar;C:\Program Files\Java\jdk1.8.0_202\jre\lib\charsets.jar;C:\Program Files\Java\jdk1.8.0_202\jre\lib\jfr.jar;C:\Program Files\Java\jdk1.8.0_202\jre\lib\ext\access-bridge-64.jar;C:\Program Files\Java\jdk1.8.0_202\jre\lib\ext\cldrdata.jar;C:\Program Files\Java\jdk1.8.0_202\jre\lib\ext\dnsns.jar;C:\Program Files\Java\jdk1.8.0_202\jre\lib\ext\jaccess.jar;C:\Program Files\Java\jdk1.8.0_202\jre\lib\ext\jfxrt.jar;C:\Program Files\Java\jdk1.8.0_202\jre\lib\ext\localedata.jar;C:\Program Files\Java\jdk1.8.0_202\jre\lib\ext\nashorn.jar;C:\Program Files\Java\jdk1.8.0_202\jre\lib\ext\sunec.jar;C:\Program Files\Java\jdk1.8.0_202\jre\lib\ext\sunjce_provider.jar;C:\Program Files\Java\jdk1.8.0_202\jre\lib\ext\sunmscapi.jar;C:\Program Files\Java\jdk1.8.0_202\jre\lib\ext\sunpkcs11.jar;C:\Program Files\Java\jdk1.8.0_202\jre\lib\ext\zipfs.jar;D:\Automation\Framework\target\test-classes;D:\Automation\Framework\target\classes;D:\Automation\selenium-server-standalone-3.5.3.jar;C:\Users\Lenovo\.m2\repository\org\seleniumhq\selenium\selenium-java\3.141.59\selenium-java-3.141.59.jar;C:\Users\Lenovo\.m2\repository\org\seleniumhq\selenium\selenium-api\3.141.59\selenium-api-3.141.59.jar;C:\Users\Lenovo\.m2\repository\org\seleniumhq\selenium\selenium-chrome-driver\3.141.59\selenium-chrome-driver-3.141.59.jar;C:\Users\Lenovo\.m2\repository\org\seleniumhq\selenium\selenium-edge-driver\3.141.59\selenium-edge-driver-3.141.59.jar
Launcher Type: SUN_STANDARD

Environment Variables:
JAVA_HOME=C:\Program Files\Java\jdk1.8.0_202
PATH=C:/Program Files/Java/jre1.8.0_333/bin/server;C:/Program Files/Java/jre1.8.0_333/bin;C:/Program Files/Java/jre1.8.0_333/lib/amd64;C:\Program Files (x86)\Common Files\Oracle\Java\javapath;C:\Windows\system32;C:\Windows;C:\Windows\System32\Wbem;C:\Windows\System32\WindowsPowerShell\v1.0\;C:\Windows\System32\OpenSSH\;C:\Program Files\Java\jdk1.8.0_202\bin;D:\apache-maven-3.8.6\bin;C:\Users\Lenovo\AppData\Local\Microsoft\WindowsApps;;D:\Automation\eclipse;
USERNAME=Lenovo
OS=Windows_NT
PROCESSOR_IDENTIFIER=Intel64 Family 6 Model 60 Stepping 3, GenuineIntel



---------------  S Y S T E M  ---------------

OS: Windows 10.0 , 64 bit Build 19041 (10.0.19041.1566)

CPU:total 4 (initial active 4) (4 cores per cpu, 1 threads per core) family 6 model 60 stepping 3, cmov, cx8, fxsr, mmx, sse, sse2, sse3, ssse3, sse4.1, sse4.2, popcnt, avx, avx2, aes, clmul, erms, lzcnt, tsc, tscinvbit, bmi1, bmi2

Memory: 4k page, physical 8271548k(1438276k free), swap 9711624k(153272k free)

vm_info: Java HotSpot(TM) 64-Bit Server VM (25.202-b08) for windows-amd64 JRE (1.8.0_202-b08), built on Dec 15 2018 19:54:30 by "java_re" with MS VC++ 10.0 (VS2010)

time: Fri Jul 29 15:49:37 2022
timezone: India Standard Time
elapsed time: 8 seconds (0d 0h 0m 8s)

